<?xml version="1.0" encoding="UTF-8"?>
<testng-results ignored="0" total="1" passed="1" failed="0" skipped="0">
  <reporter-output>
    <line>
      <![CDATA[Extent Report DirectoryG:\SOFTWARE ENGINEERING\PROJECTS\IdeaProjects\PNT\Learn_WebAutomation_Framework_WeekDays_Winter_NY2020\Amazon\target\surefire-reports\html]]>
    </line>
  </reporter-output>
  <suite started-at="2020-05-27T22:33:27 EDT" name="Amazon Automation Script" finished-at="2020-05-27T22:33:51 EDT" duration-ms="24309">
    <groups>
    </groups>
    <test started-at="2020-05-27T22:33:27 EDT" name="Amazon Home" finished-at="2020-05-27T22:33:51 EDT" duration-ms="24309">
      <class name="testhome.TestHomePage">
        <test-method is-config="true" signature="extentSetup(org.testng.ITestContext)[pri:0, instance:testhome.TestHomePage@672872e1]" started-at="2020-05-27T22:33:26 EDT" name="extentSetup" finished-at="2020-05-27T22:33:27 EDT" duration-ms="689" status="PASS">
          <params>
            <param index="0">
              <value>
                <![CDATA[org.testng.TestRunner@18324f97]]>
              </value>
            </param>
          </params>
          <reporter-output>
            <line>
              <![CDATA[Extent Report DirectoryG:\SOFTWARE ENGINEERING\PROJECTS\IdeaProjects\PNT\Learn_WebAutomation_Framework_WeekDays_Winter_NY2020\Amazon\target\surefire-reports\html]]>
            </line>
          </reporter-output>
        </test-method> <!-- extentSetup -->
        <test-method is-config="true" signature="setUp(boolean, java.lang.String, java.lang.String, java.lang.String, java.lang.String, java.lang.String, java.lang.String)[pri:0, instance:testhome.TestHomePage@672872e1]" started-at="2020-05-27T22:33:27 EDT" name="setUp" finished-at="2020-05-27T22:33:38 EDT" duration-ms="11045" status="PASS">
          <params>
            <param index="0">
              <value>
                <![CDATA[false]]>
              </value>
            </param>
            <param index="1">
              <value>
                <![CDATA[browserstack]]>
              </value>
            </param>
            <param index="2">
              <value>
                <![CDATA[windows]]>
              </value>
            </param>
            <param index="3">
              <value>
                <![CDATA[10]]>
              </value>
            </param>
            <param index="4">
              <value>
                <![CDATA[chrome]]>
              </value>
            </param>
            <param index="5">
              <value>
                <![CDATA[83]]>
              </value>
            </param>
            <param index="6">
              <value>
                <![CDATA[https://www.amazon.com]]>
              </value>
            </param>
          </params>
          <reporter-output>
          </reporter-output>
        </test-method> <!-- setUp -->
        <test-method is-config="true" signature="startExtent(java.lang.reflect.Method)[pri:0, instance:testhome.TestHomePage@672872e1]" started-at="2020-05-27T22:33:38 EDT" name="startExtent" finished-at="2020-05-27T22:33:38 EDT" duration-ms="10" status="PASS">
          <params>
            <param index="0">
              <value>
                <![CDATA[public static void testhome.TestHomePage.testSearchBox()]]>
              </value>
            </param>
          </params>
          <reporter-output>
          </reporter-output>
        </test-method> <!-- startExtent -->
        <test-method signature="testSearchBox()[pri:0, instance:testhome.TestHomePage@672872e1]" started-at="2020-05-27T22:33:38 EDT" name="testSearchBox" finished-at="2020-05-27T22:33:49 EDT" duration-ms="10346" status="PASS">
          <reporter-output>
          </reporter-output>
        </test-method> <!-- testSearchBox -->
        <test-method is-config="true" signature="afterEachTestMethod(org.testng.ITestResult)[pri:0, instance:testhome.TestHomePage@672872e1]" started-at="2020-05-27T22:33:49 EDT" name="afterEachTestMethod" finished-at="2020-05-27T22:33:51 EDT" duration-ms="2816" status="PASS">
          <params>
            <param index="0">
              <value>
                <![CDATA[[TestResult name=testSearchBox status=SUCCESS method=TestHomePage.testSearchBox()[pri:0, instance:testhome.TestHomePage@672872e1] output={null}]]]>
              </value>
            </param>
          </params>
          <reporter-output>
          </reporter-output>
        </test-method> <!-- afterEachTestMethod -->
        <test-method is-config="true" signature="cleanUp()[pri:0, instance:testhome.TestHomePage@672872e1]" started-at="2020-05-27T22:33:51 EDT" name="cleanUp" finished-at="2020-05-27T22:33:51 EDT" duration-ms="0" status="PASS">
          <reporter-output>
          </reporter-output>
        </test-method> <!-- cleanUp -->
        <test-method is-config="true" signature="generateReport()[pri:0, instance:testhome.TestHomePage@672872e1]" started-at="2020-05-27T22:33:52 EDT" name="generateReport" finished-at="2020-05-27T22:33:52 EDT" duration-ms="118" status="PASS">
          <reporter-output>
          </reporter-output>
        </test-method> <!-- generateReport -->
      </class> <!-- testhome.TestHomePage -->
    </test> <!-- Amazon Home -->
  </suite> <!-- Amazon Automation Script -->
</testng-results>
